<?xml version="1.0" encoding="UTF-8"?>
<testng-results ignored="4" total="7" passed="1" failed="2" skipped="0">
  <reporter-output>
  </reporter-output>
  <suite started-at="2021-06-13T14:59:09Z" name="Suite" finished-at="2021-06-13T15:00:43Z" duration-ms="94239">
    <groups>
    </groups>
    <test started-at="2021-06-13T14:59:09Z" name="Test" finished-at="2021-06-13T15:00:43Z" duration-ms="94239">
      <class name="com.ShoppingApplication.scripts.Addingcart1">
        <test-method is-config="true" signature="openapp()[pri:0, instance:com.ShoppingApplication.scripts.Addingcart1@5824a83d]" started-at="2021-06-13T15:00:06Z" name="openapp" finished-at="2021-06-13T15:00:26Z" duration-ms="19397" status="PASS">
          <reporter-output>
          </reporter-output>
        </test-method> <!-- openapp -->
        <test-method signature="cart()[pri:0, instance:com.ShoppingApplication.scripts.Addingcart1@5824a83d]" started-at="2021-06-13T15:00:26Z" name="cart" finished-at="2021-06-13T15:00:26Z" duration-ms="7" status="FAIL">
          <exception class="java.lang.NullPointerException">
            <full-stacktrace>
              <![CDATA[java.lang.NullPointerException
at com.ShoppingApplication.scripts.Addingcart1.cart(Addingcart1.java:21)
at java.base/jdk.internal.reflect.NativeMethodAccessorImpl.invoke0(Native Method)
at java.base/jdk.internal.reflect.NativeMethodAccessorImpl.invoke(NativeMethodAccessorImpl.java:62)
at java.base/jdk.internal.reflect.DelegatingMethodAccessorImpl.invoke(DelegatingMethodAccessorImpl.java:43)
at java.base/java.lang.reflect.Method.invoke(Method.java:567)
at org.testng.internal.MethodInvocationHelper.invokeMethod(MethodInvocationHelper.java:124)
at org.testng.internal.Invoker.invokeMethod(Invoker.java:583)
at org.testng.internal.Invoker.invokeTestMethod(Invoker.java:719)
at org.testng.internal.Invoker.invokeTestMethods(Invoker.java:989)
at org.testng.internal.TestMethodWorker.invokeTestMethods(TestMethodWorker.java:125)
at org.testng.internal.TestMethodWorker.run(TestMethodWorker.java:109)
at org.testng.TestRunner.privateRun(TestRunner.java:648)
at org.testng.TestRunner.run(TestRunner.java:505)
at org.testng.SuiteRunner.runTest(SuiteRunner.java:455)
at org.testng.SuiteRunner.runSequentially(SuiteRunner.java:450)
at org.testng.SuiteRunner.privateRun(SuiteRunner.java:415)
at org.testng.SuiteRunner.run(SuiteRunner.java:364)
at org.testng.SuiteRunnerWorker.runSuite(SuiteRunnerWorker.java:52)
at org.testng.SuiteRunnerWorker.run(SuiteRunnerWorker.java:84)
at org.testng.TestNG.runSuitesSequentially(TestNG.java:1208)
at org.testng.TestNG.runSuitesLocally(TestNG.java:1137)
at org.testng.TestNG.runSuites(TestNG.java:1049)
at org.testng.TestNG.run(TestNG.java:1017)
at org.testng.remote.AbstractRemoteTestNG.run(AbstractRemoteTestNG.java:115)
at org.testng.remote.RemoteTestNG.initAndRun(RemoteTestNG.java:251)
at org.testng.remote.RemoteTestNG.main(RemoteTestNG.java:77)
]]>
            </full-stacktrace>
          </exception> <!-- java.lang.NullPointerException -->
          <reporter-output>
          </reporter-output>
        </test-method> <!-- cart -->
        <test-method is-config="true" signature="closeapp(org.testng.ITestResult)[pri:0, instance:com.ShoppingApplication.scripts.Addingcart1@5824a83d]" started-at="2021-06-13T15:00:26Z" name="closeapp" finished-at="2021-06-13T15:00:27Z" duration-ms="1265" status="PASS">
          <params>
            <param index="0">
              <value>
                <![CDATA[[TestResult name=cart status=FAILURE method=Addingcart1.cart()[pri:0, instance:com.ShoppingApplication.scripts.Addingcart1@5824a83d] output={null}]]]>
              </value>
            </param>
          </params>
          <reporter-output>
          </reporter-output>
        </test-method> <!-- closeapp -->
      </class> <!-- com.ShoppingApplication.scripts.Addingcart1 -->
      <class name="com.ShoppingApplication.scripts.AddingProductCart">
        <test-method is-config="true" signature="configBS()[pri:0, instance:com.ShoppingApplication.scripts.AddingProductCart@7b36aa0c]" started-at="2021-06-13T14:59:08Z" name="configBS" finished-at="2021-06-13T14:59:09Z" duration-ms="253" status="PASS">
          <reporter-output>
          </reporter-output>
        </test-method> <!-- configBS -->
        <test-method is-config="true" signature="openapp()[pri:0, instance:com.ShoppingApplication.scripts.AddingProductCart@7b36aa0c]" started-at="2021-06-13T14:59:09Z" name="openapp" finished-at="2021-06-13T14:59:31Z" duration-ms="22143" status="PASS">
          <reporter-output>
          </reporter-output>
        </test-method> <!-- openapp -->
        <test-method signature="addingProductcart()[pri:0, instance:com.ShoppingApplication.scripts.AddingProductCart@7b36aa0c]" started-at="2021-06-13T14:59:31Z" name="addingProductcart" finished-at="2021-06-13T15:00:05Z" duration-ms="34665" status="PASS">
          <reporter-output>
          </reporter-output>
        </test-method> <!-- addingProductcart -->
        <test-method is-config="true" signature="closeapp(org.testng.ITestResult)[pri:0, instance:com.ShoppingApplication.scripts.AddingProductCart@7b36aa0c]" started-at="2021-06-13T15:00:05Z" name="closeapp" finished-at="2021-06-13T15:00:06Z" duration-ms="987" status="PASS">
          <params>
            <param index="0">
              <value>
                <![CDATA[[TestResult name=addingProductcart status=SUCCESS method=AddingProductCart.addingProductcart()[pri:0, instance:com.ShoppingApplication.scripts.AddingProductCart@7b36aa0c] output={null}]]]>
              </value>
            </param>
          </params>
          <reporter-output>
          </reporter-output>
        </test-method> <!-- closeapp -->
        <test-method is-config="true" signature="confifAS()[pri:0, instance:com.ShoppingApplication.scripts.AddingProductCart@7b36aa0c]" started-at="2021-06-13T15:00:43Z" name="confifAS" finished-at="2021-06-13T15:00:47Z" duration-ms="3100" status="PASS">
          <reporter-output>
          </reporter-output>
        </test-method> <!-- confifAS -->
      </class> <!-- com.ShoppingApplication.scripts.AddingProductCart -->
      <class name="com.ShoppingApplication.scripts.ProductDelivery">
        <test-method is-config="true" signature="openapp()[pri:0, instance:com.ShoppingApplication.scripts.ProductDelivery@537f60bf]" started-at="2021-06-13T15:00:27Z" name="openapp" finished-at="2021-06-13T15:00:42Z" duration-ms="14737" status="PASS">
          <reporter-output>
          </reporter-output>
        </test-method> <!-- openapp -->
        <test-method signature="Delivery()[pri:0, instance:com.ShoppingApplication.scripts.ProductDelivery@537f60bf]" started-at="2021-06-13T15:00:42Z" name="Delivery" finished-at="2021-06-13T15:00:42Z" duration-ms="2" status="FAIL">
          <exception class="java.lang.NullPointerException">
            <full-stacktrace>
              <![CDATA[java.lang.NullPointerException
at com.ShoppingApplication.scripts.ProductDelivery.Delivery(ProductDelivery.java:20)
at java.base/jdk.internal.reflect.NativeMethodAccessorImpl.invoke0(Native Method)
at java.base/jdk.internal.reflect.NativeMethodAccessorImpl.invoke(NativeMethodAccessorImpl.java:62)
at java.base/jdk.internal.reflect.DelegatingMethodAccessorImpl.invoke(DelegatingMethodAccessorImpl.java:43)
at java.base/java.lang.reflect.Method.invoke(Method.java:567)
at org.testng.internal.MethodInvocationHelper.invokeMethod(MethodInvocationHelper.java:124)
at org.testng.internal.Invoker.invokeMethod(Invoker.java:583)
at org.testng.internal.Invoker.invokeTestMethod(Invoker.java:719)
at org.testng.internal.Invoker.invokeTestMethods(Invoker.java:989)
at org.testng.internal.TestMethodWorker.invokeTestMethods(TestMethodWorker.java:125)
at org.testng.internal.TestMethodWorker.run(TestMethodWorker.java:109)
at org.testng.TestRunner.privateRun(TestRunner.java:648)
at org.testng.TestRunner.run(TestRunner.java:505)
at org.testng.SuiteRunner.runTest(SuiteRunner.java:455)
at org.testng.SuiteRunner.runSequentially(SuiteRunner.java:450)
at org.testng.SuiteRunner.privateRun(SuiteRunner.java:415)
at org.testng.SuiteRunner.run(SuiteRunner.java:364)
at org.testng.SuiteRunnerWorker.runSuite(SuiteRunnerWorker.java:52)
at org.testng.SuiteRunnerWorker.run(SuiteRunnerWorker.java:84)
at org.testng.TestNG.runSuitesSequentially(TestNG.java:1208)
at org.testng.TestNG.runSuitesLocally(TestNG.java:1137)
at org.testng.TestNG.runSuites(TestNG.java:1049)
at org.testng.TestNG.run(TestNG.java:1017)
at org.testng.remote.AbstractRemoteTestNG.run(AbstractRemoteTestNG.java:115)
at org.testng.remote.RemoteTestNG.initAndRun(RemoteTestNG.java:251)
at org.testng.remote.RemoteTestNG.main(RemoteTestNG.java:77)
]]>
            </full-stacktrace>
          </exception> <!-- java.lang.NullPointerException -->
          <reporter-output>
          </reporter-output>
        </test-method> <!-- Delivery -->
        <test-method is-config="true" signature="closeapp(org.testng.ITestResult)[pri:0, instance:com.ShoppingApplication.scripts.ProductDelivery@537f60bf]" started-at="2021-06-13T15:00:42Z" name="closeapp" finished-at="2021-06-13T15:00:43Z" duration-ms="937" status="PASS">
          <params>
            <param index="0">
              <value>
                <![CDATA[[TestResult name=Delivery status=FAILURE method=ProductDelivery.Delivery()[pri:0, instance:com.ShoppingApplication.scripts.ProductDelivery@537f60bf] output={null}]]]>
              </value>
            </param>
          </params>
          <reporter-output>
          </reporter-output>
        </test-method> <!-- closeapp -->
      </class> <!-- com.ShoppingApplication.scripts.ProductDelivery -->
    </test> <!-- Test -->
  </suite> <!-- Suite -->
</testng-results>
